c:\users\jasgs\source\repos\teoria\lista++\lista++\debug\lista++.pch
c:\users\jasgs\source\repos\teoria\lista++\lista++\debug\vc140.pdb
c:\users\jasgs\source\repos\teoria\lista++\lista++\debug\vc140.idb
c:\users\jasgs\source\repos\teoria\lista++\lista++\debug\stdafx.obj
c:\users\jasgs\source\repos\teoria\lista++\lista++\debug\lista++.obj
c:\users\jasgs\source\repos\teoria\lista++\lista++\debug\lista.obj
c:\users\jasgs\source\repos\teoria\lista++\lista++\debug\node.obj
c:\users\jasgs\source\repos\teoria\lista++\debug\lista++.ilk
c:\users\jasgs\source\repos\teoria\lista++\debug\lista++.exe
c:\users\jasgs\source\repos\teoria\lista++\debug\lista++.pdb
c:\users\jasgs\desktop\programacionavanzada2016\lista++\lista++\debug\lista++.obj
c:\users\jasgs\desktop\programacionavanzada2016\lista++\lista++\debug\lista.obj
c:\users\jasgs\desktop\programacionavanzada2016\lista++\lista++\debug\node.obj
c:\users\jasgs\desktop\programacionavanzada2016\lista++\lista++\debug\stdafx.obj
c:\users\jasgs\desktop\programacionavanzada2016\lista++\lista++\debug\lista++.pch
c:\users\jasgs\desktop\programacionavanzada2016\lista++\lista++\debug\vc140.idb
c:\users\jasgs\desktop\programacionavanzada2016\lista++\lista++\debug\vc140.pdb
c:\users\jasgs\desktop\programacionavanzada2016\lista++\debug\lista++.pdb
c:\users\jasgs\desktop\programacionavanzada2016\lista++\debug\lista++.exe
c:\users\jasgs\desktop\programacionavanzada2016\lista++\debug\lista++.ilk
c:\users\jasgs\desktop\programacionavanzada2016\lista++\lista++\debug\lista++.tlog\cl.command.1.tlog
c:\users\jasgs\desktop\programacionavanzada2016\lista++\lista++\debug\lista++.tlog\cl.read.1.tlog
c:\users\jasgs\desktop\programacionavanzada2016\lista++\lista++\debug\lista++.tlog\cl.write.1.tlog
c:\users\jasgs\desktop\programacionavanzada2016\lista++\lista++\debug\lista++.tlog\link.command.1.tlog
c:\users\jasgs\desktop\programacionavanzada2016\lista++\lista++\debug\lista++.tlog\link.read.1.tlog
c:\users\jasgs\desktop\programacionavanzada2016\lista++\lista++\debug\lista++.tlog\link.write.1.tlog
